<?xml version="1.0" encoding="UTF-8"?>
<!-- Generated by org.testng.reporters.JUnitReportReporter -->
<testsuite hostname="DESKTOP-LLCJPCR" failures="0" tests="1" name="pages.Test8" time="18.281" errors="0" timestamp="2019-08-31T22:59:29 CEST" skipped="0">
  <testcase classname="pages.Test8" name="pages" time="18.281"/>
</testsuite> <!-- pages.Test8 -->
