<?xml version="1.0" encoding="UTF-8"?>
<!-- Generated by org.testng.reporters.JUnitReportReporter -->
<testsuite hostname="DESKTOP-LLCJPCR" failures="0" tests="1" name="pages.Test6" time="39.244" errors="0" timestamp="2019-08-31T22:57:07 CEST" skipped="0">
  <testcase classname="pages.Test6" name="pages" time="39.244"/>
</testsuite> <!-- pages.Test6 -->
