<?xml version="1.0" encoding="UTF-8"?>
<!-- Generated by org.testng.reporters.JUnitReportReporter -->
<testsuite hostname="DESKTOP-LLCJPCR" failures="0" tests="1" name="pages.Test1" time="6.172" errors="0" timestamp="2019-08-31T22:47:52 CEST" skipped="0">
  <testcase classname="pages.Test1" name="pages" time="6.172"/>
</testsuite> <!-- pages.Test1 -->
