<?xml version="1.0" encoding="UTF-8"?>
<!-- Generated by org.testng.reporters.JUnitReportReporter -->
<testsuite hostname="DESKTOP-LLCJPCR" failures="0" tests="1" name="pilot.PilotTest" time="0.025" errors="0" timestamp="2019-08-27T00:07:56 CEST" skipped="0">
  <testcase classname="pilot.PilotTest" name="print" time="0.025"/>
</testsuite> <!-- pilot.PilotTest -->
