<?xml version="1.0" encoding="UTF-8"?>
<!-- Generated by org.testng.reporters.JUnitReportReporter -->
<testsuite hostname="DESKTOP-LLCJPCR" failures="0" tests="1" name="pages.Test3" time="26.797" errors="0" timestamp="2019-08-31T22:49:49 CEST" skipped="0">
  <testcase classname="pages.Test3" name="pages" time="26.797"/>
</testsuite> <!-- pages.Test3 -->
