<?xml version="1.0" encoding="UTF-8"?>
<!-- Generated by org.testng.reporters.JUnitReportReporter -->
<testsuite hostname="DESKTOP-LLCJPCR" failures="0" tests="1" name="pages.Test4" time="19.191" errors="0" timestamp="2019-08-31T22:51:55 CEST" skipped="0">
  <testcase classname="pages.Test4" name="pages" time="19.191"/>
</testsuite> <!-- pages.Test4 -->
